2022-11-12T11:04:17+00:00 CRITICAL Uncaught Error: Object of class WP_Error could not be converted to string in D:\OpenServer\domains\nails-of-the-day.com\wp-content\themes\storefront-child\functions.php:214
Stack trace:
#0 D:\OpenServer\domains\nails-of-the-day.com\wp-content\themes\storefront-child\functions.php(184): notd_get_product_cat_info_by_id()
#1 D:\OpenServer\domains\nails-of-the-day.com\wp-content\themes\storefront-child\template-parts\shop-upper-content.php(21): notd_show_featured_product_cats()
#2 D:\OpenServer\domains\nails-of-the-day.com\wp-includes\template.php(785): require('D:\\OpenServer\\d...')
#3 D:\OpenServer\domains\nails-of-the-day.com\wp-includes\template.php(718): load_template()
#4 D:\OpenServer\domains\nails-of-the-day.com\wp-includes\general-template.php(204): locate_template()
#5 D:\OpenServer\domains\nails-of-the-day.com\wp-content\themes\storefront-child\front-page.php(7): get_template_part()
#6 D:\OpenServer\domains\nails-of-the-day.com\wp-includes\template-loader.php(106): include('D:\\OpenServer\\d...')
#7 D у D:\OpenServer\domains\nails-of-the-day.com\wp-content\themes\storefront-child\functions.php доступно 214

2022-11-12T11:14:07+00:00 CRITICAL Uncaught Error: Object of class WP_Error could not be converted to string in D:\OpenServer\domains\nails-of-the-day.com\wp-content\themes\storefront-child\functions.php:214
Stack trace:
#0 D:\OpenServer\domains\nails-of-the-day.com\wp-content\themes\storefront-child\functions.php(184): notd_get_product_cat_info_by_id()
#1 D:\OpenServer\domains\nails-of-the-day.com\wp-content\themes\storefront-child\template-parts\shop-upper-content.php(21): notd_show_featured_product_cats()
#2 D:\OpenServer\domains\nails-of-the-day.com\wp-includes\template.php(785): require('D:\\OpenServer\\d...')
#3 D:\OpenServer\domains\nails-of-the-day.com\wp-includes\template.php(718): load_template()
#4 D:\OpenServer\domains\nails-of-the-day.com\wp-includes\general-template.php(204): locate_template()
#5 D:\OpenServer\domains\nails-of-the-day.com\wp-content\themes\storefront-child\front-page.php(7): get_template_part()
#6 D:\OpenServer\domains\nails-of-the-day.com\wp-includes\template-loader.php(106): include('D:\\OpenServer\\d...')
#7 D у D:\OpenServer\domains\nails-of-the-day.com\wp-content\themes\storefront-child\functions.php доступно 214

2022-11-12T11:15:15+00:00 CRITICAL Uncaught Error: Object of class WP_Error could not be converted to string in D:\OpenServer\domains\nails-of-the-day.com\wp-content\themes\storefront-child\functions.php:214
Stack trace:
#0 D:\OpenServer\domains\nails-of-the-day.com\wp-content\themes\storefront-child\functions.php(184): notd_get_product_cat_info_by_id()
#1 D:\OpenServer\domains\nails-of-the-day.com\wp-content\themes\storefront-child\template-parts\shop-upper-content.php(21): notd_show_featured_product_cats()
#2 D:\OpenServer\domains\nails-of-the-day.com\wp-includes\template.php(785): require('D:\\OpenServer\\d...')
#3 D:\OpenServer\domains\nails-of-the-day.com\wp-includes\template.php(718): load_template()
#4 D:\OpenServer\domains\nails-of-the-day.com\wp-includes\general-template.php(204): locate_template()
#5 D:\OpenServer\domains\nails-of-the-day.com\wp-content\themes\storefront-child\front-page.php(7): get_template_part()
#6 D:\OpenServer\domains\nails-of-the-day.com\wp-includes\template-loader.php(106): include('D:\\OpenServer\\d...')
#7 D у D:\OpenServer\domains\nails-of-the-day.com\wp-content\themes\storefront-child\functions.php доступно 214

2022-11-12T11:18:29+00:00 CRITICAL Uncaught Error: Object of class WP_Error could not be converted to string in D:\OpenServer\domains\nails-of-the-day.com\wp-content\themes\storefront-child\functions.php:215
Stack trace:
#0 D:\OpenServer\domains\nails-of-the-day.com\wp-content\themes\storefront-child\functions.php(186): notd_get_product_cat_info_by_id()
#1 D:\OpenServer\domains\nails-of-the-day.com\wp-content\themes\storefront-child\template-parts\shop-upper-content.php(21): notd_show_featured_product_cats()
#2 D:\OpenServer\domains\nails-of-the-day.com\wp-includes\template.php(785): require('D:\\OpenServer\\d...')
#3 D:\OpenServer\domains\nails-of-the-day.com\wp-includes\template.php(718): load_template()
#4 D:\OpenServer\domains\nails-of-the-day.com\wp-includes\general-template.php(204): locate_template()
#5 D:\OpenServer\domains\nails-of-the-day.com\wp-content\themes\storefront-child\front-page.php(7): get_template_part()
#6 D:\OpenServer\domains\nails-of-the-day.com\wp-includes\template-loader.php(106): include('D:\\OpenServer\\d...')
#7 D у D:\OpenServer\domains\nails-of-the-day.com\wp-content\themes\storefront-child\functions.php доступно 215

